<?xml version="1.0" encoding="UTF-8"?>
<PlaceSearchResponse>
 <status>ZERO_RESULTS</status>
</PlaceSearchResponse>
